<?xml version="1.0" encoding="UTF-8"?>
<testsuite xmlns:xsi="http://www.w3.org/2001/XMLSchema-instance" xsi:noNamespaceSchemaLocation="https://maven.apache.org/surefire/maven-surefire-plugin/xsd/surefire-test-report-3.0.xsd" version="3.0" name="com.example.linebot.LinebotApplicationTests" time="5.64" tests="1" errors="0" skipped="0" failures="0">
  <properties>
[...]
</properties>
  <testcase name="contextLoads" classname="com.example.linebot.LinebotApplicationTests" time="1.614">
    <system-out><![CDATA[03:41:35.698 [main] INFO org.springframework.test.context.support.AnnotationConfigContextLoaderUtils -- Could not detect default configuration classes for test class [com.example.linebot.LinebotApplicationTests]: LinebotApplicationTests does not declare any static, non-private, non-final, nested classes annotated with @Configuration.
03:41:35.857 [main] INFO org.springframework.boot.test.context.SpringBootTestContextBootstrapper -- Found @SpringBootConfiguration com.example.linebot.EchoApplication for test class com.example.linebot.LinebotApplicationTests

  .   ____          _            __ _ _
 /\\ / ___'_ __ _ _(_)_ __  __ _ \ \ \ \
( ( )\___ | '_ | '_| | '_ \/ _` | \ \ \ \
 \\/  ___)| |_)| | | | | || (_| |  ) ) ) )
  '  |____| .__|_| |_|_| |_\__, | / / / /
 =========|_|==============|___/=/_/_/_/
 :: Spring Boot ::                (v3.1.6)

2023-12-05T03:41:36.503+08:00  INFO 2632 --- [           main] c.e.linebot.LinebotApplicationTests      : Starting LinebotApplicationTests using Java 17.0.9 with PID 2632 (started by Felicity in C:\Users\Felicity\IdeaProjects\linebot)
2023-12-05T03:41:36.505+08:00  INFO 2632 --- [           main] c.e.linebot.LinebotApplicationTests      : No active profile set, falling back to 1 default profile: "default"
2023-12-05T03:41:39.252+08:00  INFO 2632 --- [           main] o.s.b.a.e.web.EndpointLinksResolver      : Exposing 1 endpoint(s) beneath base path '/actuator'
2023-12-05T03:41:39.359+08:00  INFO 2632 --- [           main] c.l.b.s.b.h.s.LineMessageHandlerSupport  : Registered LINE Messaging API event handler: count = 2
2023-12-05T03:41:39.366+08:00  INFO 2632 --- [           main] c.l.b.s.b.h.s.LineMessageHandlerSupport  : Mapped "[EventArgumentResolver{klass=class com.linecorp.bot.webhook.model.MessageEvent}]" onto public void com.example.linebot.EchoApplication.handleTextMessageEvent(com.linecorp.bot.webhook.model.MessageEvent)
2023-12-05T03:41:39.368+08:00  INFO 2632 --- [           main] c.l.b.s.b.h.s.LineMessageHandlerSupport  : Mapped "[EventArgumentResolver{klass=interface com.linecorp.bot.webhook.model.Event}]" onto public void com.example.linebot.EchoApplication.handleDefaultMessageEvent(com.linecorp.bot.webhook.model.Event)
2023-12-05T03:41:39.373+08:00  INFO 2632 --- [           main] c.e.linebot.LinebotApplicationTests      : Started LinebotApplicationTests in 3.293 seconds (process running for 4.903)
]]></system-out>
  </testcase>
</testsuite>